<?xml version="1.0" encoding="UTF-8"?>
<testsuite name="com.ndiamanti.greeter.TimeHandlerTest" tests="4" skipped="0" failures="0" errors="0" timestamp="2021-02-18T17:21:00" hostname="MacBook-Pro-di-Niccolo.local" time="0.267">
  <properties/>
  <testcase name="getPartOfDayByLocalTime_shouldReturnNight()" classname="com.ndiamanti.greeter.TimeHandlerTest" time="0.255"/>
  <testcase name="getPartOfDayByLocalTime_shouldReturnEvening()" classname="com.ndiamanti.greeter.TimeHandlerTest" time="0.003"/>
  <testcase name="getPartOfDayByLocalTime_shouldReturnNull()" classname="com.ndiamanti.greeter.TimeHandlerTest" time="0.003"/>
  <testcase name="getPartOfDayByLocalTime_shouldReturnMorning()" classname="com.ndiamanti.greeter.TimeHandlerTest" time="0.003"/>
  <system-out><![CDATA[18:20:59.947 [Test worker] DEBUG org.springframework.test.context.BootstrapUtils - Instantiating CacheAwareContextLoaderDelegate from class [org.springframework.test.context.cache.DefaultCacheAwareContextLoaderDelegate]
18:20:59.964 [Test worker] DEBUG org.springframework.test.context.BootstrapUtils - Instantiating BootstrapContext using constructor [public org.springframework.test.context.support.DefaultBootstrapContext(java.lang.Class,org.springframework.test.context.CacheAwareContextLoaderDelegate)]
18:21:00.011 [Test worker] DEBUG org.springframework.test.context.BootstrapUtils - Instantiating TestContextBootstrapper for test class [com.ndiamanti.greeter.TimeHandlerTest] from class [org.springframework.boot.test.context.SpringBootTestContextBootstrapper]
18:21:00.028 [Test worker] INFO org.springframework.boot.test.context.SpringBootTestContextBootstrapper - Neither @ContextConfiguration nor @ContextHierarchy found for test class [com.ndiamanti.greeter.TimeHandlerTest], using SpringBootContextLoader
18:21:00.032 [Test worker] DEBUG org.springframework.test.context.support.AbstractContextLoader - Did not detect default resource location for test class [com.ndiamanti.greeter.TimeHandlerTest]: class path resource [com/ndiamanti/greeter/TimeHandlerTest-context.xml] does not exist
18:21:00.033 [Test worker] DEBUG org.springframework.test.context.support.AbstractContextLoader - Did not detect default resource location for test class [com.ndiamanti.greeter.TimeHandlerTest]: class path resource [com/ndiamanti/greeter/TimeHandlerTestContext.groovy] does not exist
18:21:00.034 [Test worker] INFO org.springframework.test.context.support.AbstractContextLoader - Could not detect default resource locations for test class [com.ndiamanti.greeter.TimeHandlerTest]: no resource found for suffixes {-context.xml, Context.groovy}.
18:21:00.035 [Test worker] INFO org.springframework.test.context.support.AnnotationConfigContextLoaderUtils - Could not detect default configuration classes for test class [com.ndiamanti.greeter.TimeHandlerTest]: TimeHandlerTest does not declare any static, non-private, non-final, nested classes annotated with @Configuration.
18:21:00.081 [Test worker] DEBUG org.springframework.test.context.support.ActiveProfilesUtils - Could not find an 'annotation declaring class' for annotation type [org.springframework.test.context.ActiveProfiles] and class [com.ndiamanti.greeter.TimeHandlerTest]
18:21:00.137 [Test worker] DEBUG org.springframework.context.annotation.ClassPathScanningCandidateComponentProvider - Identified candidate component class: file [/Users/niccolo/Progetti/Porompocompany/greeter-kata/build/classes/java/main/com/ndiamanti/greeter/GreeterApplication.class]
18:21:00.138 [Test worker] INFO org.springframework.boot.test.context.SpringBootTestContextBootstrapper - Found @SpringBootConfiguration com.ndiamanti.greeter.GreeterApplication for test class com.ndiamanti.greeter.TimeHandlerTest
18:21:00.219 [Test worker] DEBUG org.springframework.boot.test.context.SpringBootTestContextBootstrapper - @TestExecutionListeners is not present for class [com.ndiamanti.greeter.TimeHandlerTest]: using defaults.
18:21:00.220 [Test worker] INFO org.springframework.boot.test.context.SpringBootTestContextBootstrapper - Loaded default TestExecutionListener class names from location [META-INF/spring.factories]: [org.springframework.boot.test.autoconfigure.restdocs.RestDocsTestExecutionListener, org.springframework.boot.test.autoconfigure.web.client.MockRestServiceServerResetTestExecutionListener, org.springframework.boot.test.autoconfigure.web.servlet.MockMvcPrintOnlyOnFailureTestExecutionListener, org.springframework.boot.test.autoconfigure.web.servlet.WebDriverTestExecutionListener, org.springframework.boot.test.autoconfigure.webservices.client.MockWebServiceServerTestExecutionListener, org.springframework.boot.test.mock.mockito.MockitoTestExecutionListener, org.springframework.boot.test.mock.mockito.ResetMocksTestExecutionListener, org.springframework.test.context.web.ServletTestExecutionListener, org.springframework.test.context.support.DirtiesContextBeforeModesTestExecutionListener, org.springframework.test.context.event.ApplicationEventsTestExecutionListener, org.springframework.test.context.support.DependencyInjectionTestExecutionListener, org.springframework.test.context.support.DirtiesContextTestExecutionListener, org.springframework.test.context.transaction.TransactionalTestExecutionListener, org.springframework.test.context.jdbc.SqlScriptsTestExecutionListener, org.springframework.test.context.event.EventPublishingTestExecutionListener]
18:21:00.226 [Test worker] DEBUG org.springframework.boot.test.context.SpringBootTestContextBootstrapper - Skipping candidate TestExecutionListener [org.springframework.test.context.web.ServletTestExecutionListener] due to a missing dependency. Specify custom listener classes or make the default listener classes and their required dependencies available. Offending class: [javax.servlet.ServletContext]
18:21:00.228 [Test worker] DEBUG org.springframework.boot.test.context.SpringBootTestContextBootstrapper - Skipping candidate TestExecutionListener [org.springframework.test.context.transaction.TransactionalTestExecutionListener] due to a missing dependency. Specify custom listener classes or make the default listener classes and their required dependencies available. Offending class: [org.springframework.transaction.interceptor.TransactionAttributeSource]
18:21:00.229 [Test worker] DEBUG org.springframework.boot.test.context.SpringBootTestContextBootstrapper - Skipping candidate TestExecutionListener [org.springframework.test.context.jdbc.SqlScriptsTestExecutionListener] due to a missing dependency. Specify custom listener classes or make the default listener classes and their required dependencies available. Offending class: [org.springframework.transaction.interceptor.TransactionAttribute]
18:21:00.229 [Test worker] INFO org.springframework.boot.test.context.SpringBootTestContextBootstrapper - Using TestExecutionListeners: [org.springframework.test.context.support.DirtiesContextBeforeModesTestExecutionListener@7a8dab73, org.springframework.test.context.event.ApplicationEventsTestExecutionListener@6ec2fa57, org.springframework.boot.test.mock.mockito.MockitoTestExecutionListener@872aa44f, org.springframework.boot.test.autoconfigure.SpringBootDependencyInjectionTestExecutionListener@42a50b59, org.springframework.test.context.support.DirtiesContextTestExecutionListener@74b54cc1, org.springframework.test.context.event.EventPublishingTestExecutionListener@c78100a1, org.springframework.boot.test.autoconfigure.restdocs.RestDocsTestExecutionListener@be58f99, org.springframework.boot.test.autoconfigure.web.client.MockRestServiceServerResetTestExecutionListener@afb48de2, org.springframework.boot.test.autoconfigure.web.servlet.MockMvcPrintOnlyOnFailureTestExecutionListener@22eb8d1e, org.springframework.boot.test.autoconfigure.web.servlet.WebDriverTestExecutionListener@6ccce39a, org.springframework.boot.test.autoconfigure.webservices.client.MockWebServiceServerTestExecutionListener@c6394963, org.springframework.boot.test.mock.mockito.ResetMocksTestExecutionListener@13a214d5]
18:21:00.232 [Test worker] DEBUG org.springframework.test.context.support.AbstractDirtiesContextTestExecutionListener - Before test class: context [DefaultTestContext@2209c40b testClass = TimeHandlerTest, testInstance = [null], testMethod = [null], testException = [null], mergedContextConfiguration = [MergedContextConfiguration@b8cf2ed8 testClass = TimeHandlerTest, locations = '{}', classes = '{class com.ndiamanti.greeter.GreeterApplication}', contextInitializerClasses = '[]', activeProfiles = '{}', propertySourceLocations = '{}', propertySourceProperties = '{org.springframework.boot.test.context.SpringBootTestContextBootstrapper=true}', contextCustomizers = set[org.springframework.boot.test.autoconfigure.actuate.metrics.MetricsExportContextCustomizerFactory$DisableMetricExportContextCustomizer@bee3e623, org.springframework.boot.test.autoconfigure.properties.PropertyMappingContextCustomizer@0, org.springframework.boot.test.autoconfigure.web.servlet.WebDriverContextCustomizerFactory$Customizer@b1d77d7e, org.springframework.boot.test.context.filter.ExcludeFilterContextCustomizer@14265972, org.springframework.boot.test.json.DuplicateJsonObjectContextCustomizerFactory$DuplicateJsonObjectContextCustomizer@a36deed4, org.springframework.boot.test.mock.mockito.MockitoContextCustomizer@0, org.springframework.boot.test.web.client.TestRestTemplateContextCustomizer@5347f10c, org.springframework.boot.test.context.SpringBootTestArgs@1, org.springframework.boot.test.context.SpringBootTestWebEnvironment@b8b4ca5b], contextLoader = 'org.springframework.boot.test.context.SpringBootContextLoader', parent = [null]], attributes = map[[empty]]], class annotated with @DirtiesContext [false] with mode [null].
18:21:00.245 [Test worker] DEBUG org.springframework.test.context.support.DependencyInjectionTestExecutionListener - Performing dependency injection for test context [[DefaultTestContext@2209c40b testClass = TimeHandlerTest, testInstance = com.ndiamanti.greeter.TimeHandlerTest@45b25ad6, testMethod = [null], testException = [null], mergedContextConfiguration = [MergedContextConfiguration@b8cf2ed8 testClass = TimeHandlerTest, locations = '{}', classes = '{class com.ndiamanti.greeter.GreeterApplication}', contextInitializerClasses = '[]', activeProfiles = '{}', propertySourceLocations = '{}', propertySourceProperties = '{org.springframework.boot.test.context.SpringBootTestContextBootstrapper=true}', contextCustomizers = set[org.springframework.boot.test.autoconfigure.actuate.metrics.MetricsExportContextCustomizerFactory$DisableMetricExportContextCustomizer@bee3e623, org.springframework.boot.test.autoconfigure.properties.PropertyMappingContextCustomizer@0, org.springframework.boot.test.autoconfigure.web.servlet.WebDriverContextCustomizerFactory$Customizer@b1d77d7e, org.springframework.boot.test.context.filter.ExcludeFilterContextCustomizer@14265972, org.springframework.boot.test.json.DuplicateJsonObjectContextCustomizerFactory$DuplicateJsonObjectContextCustomizer@a36deed4, org.springframework.boot.test.mock.mockito.MockitoContextCustomizer@0, org.springframework.boot.test.web.client.TestRestTemplateContextCustomizer@5347f10c, org.springframework.boot.test.context.SpringBootTestArgs@1, org.springframework.boot.test.context.SpringBootTestWebEnvironment@b8b4ca5b], contextLoader = 'org.springframework.boot.test.context.SpringBootContextLoader', parent = [null]], attributes = map['org.springframework.test.context.event.ApplicationEventsTestExecutionListener.recordApplicationEvents' -> false]]].
18:21:00.264 [Test worker] DEBUG org.springframework.test.context.support.TestPropertySourceUtils - Adding inlined properties to environment: {spring.jmx.enabled=false, org.springframework.boot.test.context.SpringBootTestContextBootstrapper=true}

  .   ____          _            __ _ _
 /\\ / ___'_ __ _ _(_)_ __  __ _ \ \ \ \
( ( )\___ | '_ | '_| | '_ \/ _` | \ \ \ \
 \\/  ___)| |_)| | | | | || (_| |  ) ) ) )
  '  |____| .__|_| |_|_| |_\__, | / / / /
 =========|_|==============|___/=/_/_/_/
 :: Spring Boot ::                (v2.4.2)

2021-02-18 18:21:00.474  INFO 4644 --- [    Test worker] com.ndiamanti.greeter.TimeHandlerTest    : Starting TimeHandlerTest using Java 11.0.8 on MacBook-Pro-di-Niccolo.local with PID 4644 (started by niccolo in /Users/niccolo/Progetti/Porompocompany/greeter-kata)
2021-02-18 18:21:00.476  INFO 4644 --- [    Test worker] com.ndiamanti.greeter.TimeHandlerTest    : No active profile set, falling back to default profiles: default
2021-02-18 18:21:00.972  INFO 4644 --- [    Test worker] com.ndiamanti.greeter.TimeHandlerTest    : Started TimeHandlerTest in 0.705 seconds (JVM running for 1.915)
]]></system-out>
  <system-err><![CDATA[]]></system-err>
</testsuite>
